0 info it worked if it ends with ok
1 verbose cli [ '/Users/BendersShadow/.nvm/versions/node/v6.10.2/bin/node',
1 verbose cli   '/Users/BendersShadow/.nvm/versions/node/v6.10.2/bin/npm',
1 verbose cli   'i',
1 verbose cli   '--save-dev',
1 verbose cli   'eslint',
1 verbose cli   '[eslint-plugins]' ]
2 info using npm@3.10.10
3 info using node@v6.10.2
4 silly loadCurrentTree Starting
5 silly install loadCurrentTree
6 silly install readLocalPackageData
7 silly fetchPackageMetaData eslint
8 silly fetchPackageMetaData [eslint-plugins]
9 silly fetchNamedPackageData eslint
10 silly mapToRegistry name eslint
11 silly mapToRegistry using default registry
12 silly mapToRegistry registry https://registry.npmjs.org/
13 silly mapToRegistry data Result {
13 silly mapToRegistry   raw: 'eslint',
13 silly mapToRegistry   scope: null,
13 silly mapToRegistry   escapedName: 'eslint',
13 silly mapToRegistry   name: 'eslint',
13 silly mapToRegistry   rawSpec: '',
13 silly mapToRegistry   spec: 'latest',
13 silly mapToRegistry   type: 'tag' }
14 silly mapToRegistry uri https://registry.npmjs.org/eslint
15 silly fetchOtherPackageData [eslint-plugins]
16 silly cache add args [ '[eslint-plugins]', null ]
17 verbose cache add spec [eslint-plugins]
18 verbose request uri https://registry.npmjs.org/eslint
19 verbose request no auth needed
20 info attempt registry request try #1 at 2:02:46 PM
21 verbose request using bearer token for auth
22 verbose request id 79389aff808db827
23 http request GET https://registry.npmjs.org/eslint
24 silly cache add parsed spec Result {
24 silly cache add   raw: '[eslint-plugins]',
24 silly cache add   scope: null,
24 silly cache add   escapedName: null,
24 silly cache add   name: null,
24 silly cache add   rawSpec: '[eslint-plugins]',
24 silly cache add   spec: '/Users/BendersShadow/MOD2/projects/sorting-suite/[eslint-plugins]',
24 silly cache add   type: 'local' }
25 error addLocal Could not install /Users/BendersShadow/MOD2/projects/sorting-suite/[eslint-plugins]
26 silly fetchPackageMetaData Error: ENOENT: no such file or directory, open '/Users/BendersShadow/MOD2/projects/sorting-suite/[eslint-plugins]'
26 silly fetchPackageMetaData     at Error (native)
26 silly fetchPackageMetaData  error for [eslint-plugins] { Error: ENOENT: no such file or directory, open '/Users/BendersShadow/MOD2/projects/sorting-suite/[eslint-plugins]'
26 silly fetchPackageMetaData     at Error (native)
26 silly fetchPackageMetaData   errno: -2,
26 silly fetchPackageMetaData   code: 'ENOENT',
26 silly fetchPackageMetaData   syscall: 'open',
26 silly fetchPackageMetaData   path: '/Users/BendersShadow/MOD2/projects/sorting-suite/[eslint-plugins]' }
27 http 200 https://registry.npmjs.org/eslint
28 verbose headers { server: 'nginx/1.10.1',
28 verbose headers   'content-type': 'application/json',
28 verbose headers   'last-modified': 'Wed, 12 Jul 2017 01:48:31 GMT',
28 verbose headers   etag: 'W/"59657fef-75608"',
28 verbose headers   'content-encoding': 'gzip',
28 verbose headers   'cache-control': 'max-age=300',
28 verbose headers   'transfer-encoding': 'chunked',
28 verbose headers   'accept-ranges': 'bytes',
28 verbose headers   date: 'Wed, 12 Jul 2017 20:02:46 GMT',
28 verbose headers   via: '1.1 varnish',
28 verbose headers   connection: 'keep-alive',
28 verbose headers   'x-served-by': 'cache-den6021-DEN',
28 verbose headers   'x-cache': 'MISS',
28 verbose headers   'x-cache-hits': '0',
28 verbose headers   'x-timer': 'S1499889767.649229,VS0,VE190',
28 verbose headers   vary: 'Accept-Encoding, Accept' }
29 silly get cb [ 200,
29 silly get   { server: 'nginx/1.10.1',
29 silly get     'content-type': 'application/json',
29 silly get     'last-modified': 'Wed, 12 Jul 2017 01:48:31 GMT',
29 silly get     etag: 'W/"59657fef-75608"',
29 silly get     'content-encoding': 'gzip',
29 silly get     'cache-control': 'max-age=300',
29 silly get     'transfer-encoding': 'chunked',
29 silly get     'accept-ranges': 'bytes',
29 silly get     date: 'Wed, 12 Jul 2017 20:02:46 GMT',
29 silly get     via: '1.1 varnish',
29 silly get     connection: 'keep-alive',
29 silly get     'x-served-by': 'cache-den6021-DEN',
29 silly get     'x-cache': 'MISS',
29 silly get     'x-cache-hits': '0',
29 silly get     'x-timer': 'S1499889767.649229,VS0,VE190',
29 silly get     vary: 'Accept-Encoding, Accept' } ]
30 verbose get saving eslint to /Users/BendersShadow/.npm/registry.npmjs.org/eslint/.cache.json
31 verbose correctMkdir /Users/BendersShadow/.npm correctMkdir not in flight; initializing
32 silly rollbackFailedOptional Starting
33 silly rollbackFailedOptional Finishing
34 silly runTopLevelLifecycles Finishing
35 silly install printInstalled
36 verbose stack Error: ENOENT: no such file or directory, open '/Users/BendersShadow/MOD2/projects/sorting-suite/[eslint-plugins]'
36 verbose stack     at Error (native)
37 verbose cwd /Users/BendersShadow/MOD2/projects/sorting-suite
38 error Darwin 16.6.0
39 error argv "/Users/BendersShadow/.nvm/versions/node/v6.10.2/bin/node" "/Users/BendersShadow/.nvm/versions/node/v6.10.2/bin/npm" "i" "--save-dev" "eslint" "[eslint-plugins]"
40 error node v6.10.2
41 error npm  v3.10.10
42 error path /Users/BendersShadow/MOD2/projects/sorting-suite/[eslint-plugins]
43 error code ENOENT
44 error errno -2
45 error syscall open
46 error enoent ENOENT: no such file or directory, open '/Users/BendersShadow/MOD2/projects/sorting-suite/[eslint-plugins]'
47 error enoent ENOENT: no such file or directory, open '/Users/BendersShadow/MOD2/projects/sorting-suite/[eslint-plugins]'
47 error enoent This is most likely not a problem with npm itself
47 error enoent and is related to npm not being able to find a file.
48 verbose exit [ -2, true ]
